<?xml version="1.0" encoding="UTF-8"?>
<!-- Generated by org.testng.reporters.JUnitXMLReporter -->
<testsuite ignored="0" hostname="INLEN8520080639" failures="0" tests="5" name="Default test" time="260.935" errors="0" timestamp="2023-03-04T10:32:14 IST">
  <testcase classname="PaybackpagefactoryTest.PaybackloginTestNG" name="signuplog" time="7.001"/>
  <testcase classname="PaybackpagefactoryTest.PaybackloginTestNG" name="paybacklog" time="45.912"/>
  <testcase classname="PaybackpagefactoryTest.PaybackloginTestNG" name="unsuccessfullog" time="28.595"/>
  <testcase classname="PaybackpagefactoryTest.PaybackloginTestNG" name="forgotlog" time="41.363"/>
  <testcase classname="PaybackpagefactoryTest.PaybackloginTestNG" name="invalidAttempt" time="138.018"/>
</testsuite> <!-- Default test -->
